Using pre-set license
Built from '2022.3/staging' branch; Version is '2022.3.11f1 (d00248457e15) revision 13632072'; Using compiler version '192829333'; Build Type 'Release'
OS: 'Windows 11  (10.0.22631) 64bit Core' Language: 'en' Physical Memory: 12098 MB
BatchMode: 1, IsHumanControllingUs: 0, StartBugReporterOnCrash: 0, Is64bit: 1, IsPro: 1

COMMAND LINE ARGUMENTS:
C:\Program Files\Unity\Hub\Editor\2022.3.11f1\Editor\Unity.exe
-adb2
-batchMode
-noUpm
-name
AssetImportWorker0
-projectPath
C:/Users/abdma/Documents/GitHub/3D-Game-Group/The Dark Hall
-logFile
Logs/AssetImportWorker0.log
-srvPort
60542
Successfully changed project path to: C:/Users/abdma/Documents/GitHub/3D-Game-Group/The Dark Hall
C:/Users/abdma/Documents/GitHub/3D-Game-Group/The Dark Hall
[UnityMemory] Configuration Parameters - Can be set up in boot.config
    "memorysetup-bucket-allocator-granularity=16"
    "memorysetup-bucket-allocator-bucket-count=8"
    "memorysetup-bucket-allocator-block-size=33554432"
    "memorysetup-bucket-allocator-block-count=8"
    "memorysetup-main-allocator-block-size=16777216"
    "memorysetup-thread-allocator-block-size=16777216"
    "memorysetup-gfx-main-allocator-block-size=16777216"
    "memorysetup-gfx-thread-allocator-block-size=16777216"
    "memorysetup-cache-allocator-block-size=4194304"
    "memorysetup-typetree-allocator-block-size=2097152"
    "memorysetup-profiler-bucket-allocator-granularity=16"
    "memorysetup-profiler-bucket-allocator-bucket-count=8"
    "memorysetup-profiler-bucket-allocator-block-size=33554432"
    "memorysetup-profiler-bucket-allocator-block-count=8"
    "memorysetup-profiler-allocator-block-size=16777216"
    "memorysetup-profiler-editor-allocator-block-size=1048576"
    "memorysetup-temp-allocator-size-main=16777216"
    "memorysetup-job-temp-allocator-block-size=2097152"
    "memorysetup-job-temp-allocator-block-size-background=1048576"
    "memorysetup-job-temp-allocator-reduction-small-platforms=262144"
    "memorysetup-allocator-temp-initial-block-size-main=262144"
    "memorysetup-allocator-temp-initial-block-size-worker=262144"
    "memorysetup-temp-allocator-size-background-worker=32768"
    "memorysetup-temp-allocator-size-job-worker=262144"
    "memorysetup-temp-allocator-size-preload-manager=33554432"
    "memorysetup-temp-allocator-size-nav-mesh-worker=65536"
    "memorysetup-temp-allocator-size-audio-worker=65536"
    "memorysetup-temp-allocator-size-cloud-worker=32768"
    "memorysetup-temp-allocator-size-gi-baking-worker=262144"
    "memorysetup-temp-allocator-size-gfx=262144"
Player connection [15456] Host "[IP] 10.0.0.34 [Port] 0 [Flags] 2 [Guid] 3815255723 [EditorId] 3815255723 [Version] 1048832 [Id] WindowsEditor(7,TopTrash) [Debug] 1 [PackageName] WindowsEditor [ProjectName] Editor" joined multi-casting on [225.0.0.222:54997]...

Player connection [15456] Host "[IP] 10.0.0.34 [Port] 0 [Flags] 2 [Guid] 3815255723 [EditorId] 3815255723 [Version] 1048832 [Id] WindowsEditor(7,TopTrash) [Debug] 1 [PackageName] WindowsEditor [ProjectName] Editor" joined alternative multi-casting on [225.0.0.222:34997]...

[Physics::Module] Initialized MultithreadedJobDispatcher with 7 workers.
Refreshing native plugins compatible for Editor in 47.66 ms, found 3 plugins.
Preloading 0 native plugins for Editor in 0.00 ms.
Initialize engine version: 2022.3.11f1 (d00248457e15)
[Subsystems] Discovering subsystems at path C:/Program Files/Unity/Hub/Editor/2022.3.11f1/Editor/Data/Resources/UnitySubsystems
[Subsystems] Discovering subsystems at path C:/Users/abdma/Documents/GitHub/3D-Game-Group/The Dark Hall/Assets
GfxDevice: creating device client; threaded=0; jobified=0
Direct3D:
    Version:  Direct3D 11.0 [level 11.1]
    Renderer: Intel(R) UHD Graphics 620 (ID=0x3ea0)
    Vendor:   Intel
    VRAM:     6049 MB
    Driver:   27.20.100.9664
Initialize mono
Mono path[0] = 'C:/Program Files/Unity/Hub/Editor/2022.3.11f1/Editor/Data/Managed'
Mono path[1] = 'C:/Program Files/Unity/Hub/Editor/2022.3.11f1/Editor/Data/MonoBleedingEdge/lib/mono/unityjit-win32'
Mono config path = 'C:/Program Files/Unity/Hub/Editor/2022.3.11f1/Editor/Data/MonoBleedingEdge/etc'
Using monoOptions --debugger-agent=transport=dt_socket,embedding=1,server=y,suspend=n,address=127.0.0.1:56560
Begin MonoManager ReloadAssembly
Registering precompiled unity dll's ...
Register platform support module: C:/Program Files/Unity/Hub/Editor/2022.3.11f1/Editor/Data/PlaybackEngines/WindowsStandaloneSupport/UnityEditor.WindowsStandalone.Extensions.dll
Registered in 0.039443 seconds.
- Loaded All Assemblies, in  1.637 seconds
Native extension for WindowsStandalone target not found
Mono: successfully reloaded assembly
- Finished resetting the current domain, in  1.272 seconds
Domain Reload Profiling: 2901ms
	BeginReloadAssembly (538ms)
		ExecutionOrderSort (0ms)
		DisableScriptedObjects (0ms)
		BackupInstance (0ms)
		ReleaseScriptingObjects (0ms)
		CreateAndSetChildDomain (3ms)
	RebuildCommonClasses (145ms)
	RebuildNativeTypeToScriptingClass (45ms)
	initialDomainReloadingComplete (271ms)
	LoadAllAssembliesAndSetupDomain (628ms)
		LoadAssemblies (527ms)
		RebuildTransferFunctionScriptingTraits (0ms)
		AnalyzeDomain (619ms)
			TypeCache.Refresh (615ms)
				TypeCache.ScanAssembly (557ms)
			ScanForSourceGeneratedMonoScriptInfo (1ms)
			ResolveRequiredComponents (2ms)
	FinalizeReload (1273ms)
		ReleaseScriptCaches (0ms)
		RebuildScriptCaches (0ms)
		SetupLoadedEditorAssemblies (1010ms)
			LogAssemblyErrors (0ms)
			InitializePlatformSupportModulesInManaged (40ms)
			SetLoadedEditorAssemblies (37ms)
			RefreshPlugins (0ms)
			BeforeProcessingInitializeOnLoad (11ms)
			ProcessInitializeOnLoadAttributes (713ms)
			ProcessInitializeOnLoadMethodAttributes (208ms)
			AfterProcessingInitializeOnLoad (0ms)
			EditorAssembliesLoaded (0ms)
		ExecutionOrderSort2 (0ms)
		AwakeInstancesAfterBackupRestoration (0ms)
========================================================================
Worker process is ready to serve import requests
Begin MonoManager ReloadAssembly
- Loaded All Assemblies, in  2.807 seconds
Refreshing native plugins compatible for Editor in 17.84 ms, found 3 plugins.
Native extension for WindowsStandalone target not found
Package Manager log level set to [2]
[Package Manager] Server::EnsureServerProcessIsRunning -- launch failed, reason: Unity was launched with the -noUpm command-line argument
[Package Manager] UpmClient::Send -- Unable to send message (not connected to UPM process).
[Package Manager] Cannot connect to Unity Package Manager local server
Mono: successfully reloaded assembly
- Finished resetting the current domain, in  2.429 seconds
Domain Reload Profiling: 5221ms
	BeginReloadAssembly (649ms)
		ExecutionOrderSort (0ms)
		DisableScriptedObjects (22ms)
		BackupInstance (0ms)
		ReleaseScriptingObjects (0ms)
		CreateAndSetChildDomain (85ms)
	RebuildCommonClasses (140ms)
	RebuildNativeTypeToScriptingClass (42ms)
	initialDomainReloadingComplete (185ms)
	LoadAllAssembliesAndSetupDomain (1775ms)
		LoadAssemblies (1363ms)
		RebuildTransferFunctionScriptingTraits (0ms)
		AnalyzeDomain (803ms)
			TypeCache.Refresh (674ms)
				TypeCache.ScanAssembly (615ms)
			ScanForSourceGeneratedMonoScriptInfo (67ms)
			ResolveRequiredComponents (57ms)
	FinalizeReload (2431ms)
		ReleaseScriptCaches (0ms)
		RebuildScriptCaches (0ms)
		SetupLoadedEditorAssemblies (1805ms)
			LogAssemblyErrors (0ms)
			InitializePlatformSupportModulesInManaged (33ms)
			SetLoadedEditorAssemblies (11ms)
			RefreshPlugins (0ms)
			BeforeProcessingInitializeOnLoad (242ms)
			ProcessInitializeOnLoadAttributes (1413ms)
			ProcessInitializeOnLoadMethodAttributes (78ms)
			AfterProcessingInitializeOnLoad (28ms)
			EditorAssembliesLoaded (0ms)
		ExecutionOrderSort2 (0ms)
		AwakeInstancesAfterBackupRestoration (32ms)
Launched and connected shader compiler UnityShaderCompiler.exe after 0.18 seconds
Refreshing native plugins compatible for Editor in 18.81 ms, found 3 plugins.
Preloading 0 native plugins for Editor in 0.00 ms.
Unloading 3099 Unused Serialized files (Serialized files now loaded: 0)
Unloading 32 unused Assets / (57.2 KB). Loaded Objects now: 3561.
Memory consumption went from 124.6 MB to 124.5 MB.
Total: 9.419400 ms (FindLiveObjects: 0.574500 ms CreateObjectMapping: 0.548600 ms MarkObjects: 7.669000 ms  DeleteObjects: 0.624100 ms)

AssetImportParameters requested are different than current active one (requested -> active):
  custom:container-demuxer-ogg: 62fdf1f143b41e24485cea50d1cbac27 -> 
  custom:video-decoder-ogg-theora: a1e56fd34408186e4bbccfd4996cb3dc -> 
  custom:framework-win-MediaFoundation: 216162199b28c13a410421893ffa2e32 -> 
  custom:CustomObjectIndexerAttribute: 756ad292c208cfabdd7b50bc23989ffe -> 
  custom:container-demuxer-webm: 4f35f7cbe854078d1ac9338744f61a02 -> 
  custom:container-muxer-webm: aa71ff27fc2769a1b78a27578f13a17b -> 
  custom:video-decoder-webm-vp8: 9c59270c3fd7afecdb556c50c9e8de78 -> 
  custom:SearchIndexIgnoredProperties: e643bd26f0fe6173181afceb89e7c659 -> 
  custom:AudioImporter_EditorPlatform: d09bf68614088b80899f8185d706f6e7 -> 
  custom:video-encoder-webm-vp8: eb34c28f22e8b96e1ab97ce403110664 -> 
  custom:audio-decoder-ogg-vorbis: bf7c407c2cedff20999df2af8eb42d56 -> 
  custom:audio-encoder-webm-vorbis: bf7c407c2cedff20999df2af8eb42d56 -> 
========================================================================
Received Import Request.
  Time since last request: 980436.815788 seconds.
  path: Assets/Flooded_Grounds
  artifactKey: Guid(c65937b65eb20334693a4d2238ac5f55) Importer(815301076,1909f56bfc062723c751e8b465ee728b)
Start importing Assets/Flooded_Grounds using Guid(c65937b65eb20334693a4d2238ac5f55) Importer(815301076,1909f56bfc062723c751e8b465ee728b)  -> (artifact id: 'f845d85efe13a26daddbdc7b2819f17d') in 0.004747 seconds
Number of updated asset objects reloaded before import = 0
Number of asset objects unloaded after import = 0
========================================================================
Received Import Request.
  Time since last request: 559.342601 seconds.
  path: Assets/Prefabs/Eyeball.prefab
  artifactKey: Guid(4ad31d61c8724fb4883bff5080466087) Importer(815301076,1909f56bfc062723c751e8b465ee728b)
Start importing Assets/Prefabs/Eyeball.prefab using Guid(4ad31d61c8724fb4883bff5080466087) Importer(815301076,1909f56bfc062723c751e8b465ee728b)  -> (artifact id: '9cb0a55abcedcb5248ed0d6cae3fd31f') in 0.370362 seconds
Number of updated asset objects reloaded before import = 0
Number of asset objects unloaded after import = 8
========================================================================
Received Import Request.
  Time since last request: 10.240795 seconds.
  path: Assets/Flooded_Grounds/PostProcessing
  artifactKey: Guid(fb77ee4ef7fe09840a656d9dfb950687) Importer(815301076,1909f56bfc062723c751e8b465ee728b)
Start importing Assets/Flooded_Grounds/PostProcessing using Guid(fb77ee4ef7fe09840a656d9dfb950687) Importer(815301076,1909f56bfc062723c751e8b465ee728b)  -> (artifact id: '5dc7a278284b49fd4d8aab55d040deaf') in 0.006698 seconds
Number of updated asset objects reloaded before import = 0
Number of asset objects unloaded after import = 0
========================================================================
Received Import Request.
  Time since last request: 3.735252 seconds.
  path: Assets/Flooded_Grounds/PostProcessing/Textures
  artifactKey: Guid(e3e4e81f3116e044593eaf14ede07b96) Importer(815301076,1909f56bfc062723c751e8b465ee728b)
Start importing Assets/Flooded_Grounds/PostProcessing/Textures using Guid(e3e4e81f3116e044593eaf14ede07b96) Importer(815301076,1909f56bfc062723c751e8b465ee728b)  -> (artifact id: '9d830cdfafd38d91142d6ac1f7ca6f4a') in 0.001249 seconds
Number of updated asset objects reloaded before import = 0
Number of asset objects unloaded after import = 0
========================================================================
Received Import Request.
  Time since last request: 3.582098 seconds.
  path: Assets/Flooded_Grounds/Content
  artifactKey: Guid(a4edfda056ea0254d97f198f5844a67e) Importer(815301076,1909f56bfc062723c751e8b465ee728b)
Start importing Assets/Flooded_Grounds/Content using Guid(a4edfda056ea0254d97f198f5844a67e) Importer(815301076,1909f56bfc062723c751e8b465ee728b)  -> (artifact id: '8d9c54910e9a59df30f4a1bd83727f37') in 0.001180 seconds
Number of updated asset objects reloaded before import = 0
Number of asset objects unloaded after import = 0
========================================================================
Received Import Request.
  Time since last request: 1.139858 seconds.
  path: Assets/Flooded_Grounds/Content/Animations
  artifactKey: Guid(1d1949fd760835047bd5024d33750a8e) Importer(815301076,1909f56bfc062723c751e8b465ee728b)
Start importing Assets/Flooded_Grounds/Content/Animations using Guid(1d1949fd760835047bd5024d33750a8e) Importer(815301076,1909f56bfc062723c751e8b465ee728b)  -> (artifact id: 'c2a9e522fb34145fda56e09fce5b0b26') in 0.001185 seconds
Number of updated asset objects reloaded before import = 0
Number of asset objects unloaded after import = 0
========================================================================
Received Import Request.
  Time since last request: 394.329293 seconds.
  path: Assets/_TerrainAutoUpgrade
  artifactKey: Guid(51268b50e17713a45a06ee8fd0468a8e) Importer(815301076,1909f56bfc062723c751e8b465ee728b)
Start importing Assets/_TerrainAutoUpgrade using Guid(51268b50e17713a45a06ee8fd0468a8e) Importer(815301076,1909f56bfc062723c751e8b465ee728b)  -> (artifact id: '4cb1510df32647d3f0da57a5dd9e144f') in 0.001651 seconds
Number of updated asset objects reloaded before import = 0
Number of asset objects unloaded after import = 0
========================================================================
Received Import Request.
  Time since last request: 0.066684 seconds.
  path: Assets/_TerrainAutoUpgrade/layer_GR_Asphalt1_ASGR_Asphalt1_Nd261c09ae55ba1e3.terrainlayer
  artifactKey: Guid(6b401d1cec325f74284b69a73ab67391) Importer(815301076,1909f56bfc062723c751e8b465ee728b)
Start importing Assets/_TerrainAutoUpgrade/layer_GR_Asphalt1_ASGR_Asphalt1_Nd261c09ae55ba1e3.terrainlayer using Guid(6b401d1cec325f74284b69a73ab67391) Importer(815301076,1909f56bfc062723c751e8b465ee728b)  -> (artifact id: '78234636801e3ffff0b79f540b25deac') in 0.137802 seconds
Number of updated asset objects reloaded before import = 0
Number of asset objects unloaded after import = 4
========================================================================
Received Import Request.
  Time since last request: 0.000150 seconds.
  path: Assets/_TerrainAutoUpgrade/layer_GR_Moss1_ASGR_Moss1_N3d1cca0d6d0e9938.terrainlayer
  artifactKey: Guid(485b10c5c71560f4cad38172f49677b6) Importer(815301076,1909f56bfc062723c751e8b465ee728b)
Start importing Assets/_TerrainAutoUpgrade/layer_GR_Moss1_ASGR_Moss1_N3d1cca0d6d0e9938.terrainlayer using Guid(485b10c5c71560f4cad38172f49677b6) Importer(815301076,1909f56bfc062723c751e8b465ee728b)  -> (artifact id: '63c0387d83b126519d44e7727dca13dd') in 0.101614 seconds
Number of updated asset objects reloaded before import = 0
Number of asset objects unloaded after import = 4
========================================================================
Received Import Request.
  Time since last request: 12.576215 seconds.
  path: Assets/Flooded_Grounds/PostProcessing/Editor
  artifactKey: Guid(a42c70278aec3be40b88a84f1e9666ad) Importer(815301076,1909f56bfc062723c751e8b465ee728b)
Start importing Assets/Flooded_Grounds/PostProcessing/Editor using Guid(a42c70278aec3be40b88a84f1e9666ad) Importer(815301076,1909f56bfc062723c751e8b465ee728b)  -> (artifact id: '80053324a98c03e707cace436a0049cb') in 0.001406 seconds
Number of updated asset objects reloaded before import = 0
Number of asset objects unloaded after import = 0
========================================================================
Received Import Request.
  Time since last request: 14.207701 seconds.
  path: Assets/Flooded_Grounds/Scenes/Postprocess_FloodedGrounds.asset
  artifactKey: Guid(29ac70c6bc481c64fb76807cbc16dc82) Importer(815301076,1909f56bfc062723c751e8b465ee728b)
Start importing Assets/Flooded_Grounds/Scenes/Postprocess_FloodedGrounds.asset using Guid(29ac70c6bc481c64fb76807cbc16dc82) Importer(815301076,1909f56bfc062723c751e8b465ee728b)  -> (artifact id: '917e719cfe46d21a3fb1b0181d8a0145') in 0.007361 seconds
Number of updated asset objects reloaded before import = 0
Number of asset objects unloaded after import = 2
========================================================================
Received Import Request.
  Time since last request: 4.170378 seconds.
  path: Assets/Flooded_Grounds/Prefabs/Backgrounds
  artifactKey: Guid(d2abf4ebe17feba4880775ebdba46574) Importer(815301076,1909f56bfc062723c751e8b465ee728b)
Start importing Assets/Flooded_Grounds/Prefabs/Backgrounds using Guid(d2abf4ebe17feba4880775ebdba46574) Importer(815301076,1909f56bfc062723c751e8b465ee728b)  -> (artifact id: '8280e6bd281aee239427b73e719182ee') in 0.005968 seconds
Number of updated asset objects reloaded before import = 0
Number of asset objects unloaded after import = 0
========================================================================
Received Import Request.
  Time since last request: 0.097109 seconds.
  path: Assets/Flooded_Grounds/Prefabs/Backgrounds/BGR_Factory_A.prefab
  artifactKey: Guid(e5a349e90b7eb7a4a8bb302d1f815dd7) Importer(815301076,1909f56bfc062723c751e8b465ee728b)
Start importing Assets/Flooded_Grounds/Prefabs/Backgrounds/BGR_Factory_A.prefab using Guid(e5a349e90b7eb7a4a8bb302d1f815dd7) Importer(815301076,1909f56bfc062723c751e8b465ee728b)  -> (artifact id: '99ad839828a092bc8733121598454c19') in 1.922736 seconds
Number of updated asset objects reloaded before import = 0
Number of asset objects unloaded after import = 14
========================================================================
Received Import Request.
  Time since last request: 0.000054 seconds.
  path: Assets/Flooded_Grounds/Prefabs/Backgrounds/BGR_Pipe_B.prefab
  artifactKey: Guid(89d3804ae1d951b42a266ad900c34eaf) Importer(815301076,1909f56bfc062723c751e8b465ee728b)
Start importing Assets/Flooded_Grounds/Prefabs/Backgrounds/BGR_Pipe_B.prefab using Guid(89d3804ae1d951b42a266ad900c34eaf) Importer(815301076,1909f56bfc062723c751e8b465ee728b)  -> (artifact id: 'd6cea601d324b35bd23ff6eddc497408') in 1.508394 seconds
Number of updated asset objects reloaded before import = 0
Number of asset objects unloaded after import = 18
========================================================================
Received Import Request.
  Time since last request: 12.034031 seconds.
  path: Assets/Flooded_Grounds/PostProcessing/Resources
  artifactKey: Guid(92caa538a92432741b3fb00cd3344be1) Importer(815301076,1909f56bfc062723c751e8b465ee728b)
Start importing Assets/Flooded_Grounds/PostProcessing/Resources using Guid(92caa538a92432741b3fb00cd3344be1) Importer(815301076,1909f56bfc062723c751e8b465ee728b)  -> (artifact id: 'dcd653a0c4b50ec652a024402b16f65f') in 0.002014 seconds
Number of updated asset objects reloaded before import = 0
Number of asset objects unloaded after import = 0
========================================================================
Received Import Request.
  Time since last request: 1.427053 seconds.
  path: Assets/Flooded_Grounds/PostProcessing/Resources/Shaders/AmbientOcclusion.cginc
  artifactKey: Guid(447591ee3d9d4204899be5fe25968ea0) Importer(815301076,1909f56bfc062723c751e8b465ee728b)
Start importing Assets/Flooded_Grounds/PostProcessing/Resources/Shaders/AmbientOcclusion.cginc using Guid(447591ee3d9d4204899be5fe25968ea0) Importer(815301076,1909f56bfc062723c751e8b465ee728b)  -> (artifact id: 'e1b04fbcbac0f54f9f83cb238d7ead1a') in 0.002403 seconds
Number of updated asset objects reloaded before import = 0
Number of asset objects unloaded after import = 1
========================================================================
Received Import Request.
  Time since last request: 0.001436 seconds.
  path: Assets/Flooded_Grounds/PostProcessing/Resources/Shaders/ColorGrading.cginc
  artifactKey: Guid(26a62c2e30be83547bdfa9fe837165e3) Importer(815301076,1909f56bfc062723c751e8b465ee728b)
Start importing Assets/Flooded_Grounds/PostProcessing/Resources/Shaders/ColorGrading.cginc using Guid(26a62c2e30be83547bdfa9fe837165e3) Importer(815301076,1909f56bfc062723c751e8b465ee728b)  -> (artifact id: 'b985c1bc992b9ddbaff465da990d8bd5') in 0.003173 seconds
Number of updated asset objects reloaded before import = 0
Number of asset objects unloaded after import = 1
========================================================================
Received Import Request.
  Time since last request: 0.000125 seconds.
  path: Assets/Flooded_Grounds/PostProcessing/Resources/Shaders/DepthOfField.cginc
  artifactKey: Guid(ddc2c19b8a216d748a357ffe32ba4dc1) Importer(815301076,1909f56bfc062723c751e8b465ee728b)
Start importing Assets/Flooded_Grounds/PostProcessing/Resources/Shaders/DepthOfField.cginc using Guid(ddc2c19b8a216d748a357ffe32ba4dc1) Importer(815301076,1909f56bfc062723c751e8b465ee728b)  -> (artifact id: '2c50094c5c4a24b3592e535c50eddd85') in 0.002466 seconds
Number of updated asset objects reloaded before import = 0
Number of asset objects unloaded after import = 1
========================================================================
Received Import Request.
  Time since last request: 0.001320 seconds.
  path: Assets/Flooded_Grounds/PostProcessing/Resources/Shaders/EyeAdaptation.cginc
  artifactKey: Guid(d2f406cad28afda489b94594fb3ce0af) Importer(815301076,1909f56bfc062723c751e8b465ee728b)
Start importing Assets/Flooded_Grounds/PostProcessing/Resources/Shaders/EyeAdaptation.cginc using Guid(d2f406cad28afda489b94594fb3ce0af) Importer(815301076,1909f56bfc062723c751e8b465ee728b)  -> (artifact id: '803dddd7f88509b0c0b1a32866c7ff5b') in 0.002906 seconds
Number of updated asset objects reloaded before import = 0
Number of asset objects unloaded after import = 1
========================================================================
Received Import Request.
  Time since last request: 0.002681 seconds.
  path: Assets/Flooded_Grounds/PostProcessing/Resources/Shaders/FXAA3.cginc
  artifactKey: Guid(613b4036a9f55c34fb054bde02455e46) Importer(815301076,1909f56bfc062723c751e8b465ee728b)
Start importing Assets/Flooded_Grounds/PostProcessing/Resources/Shaders/FXAA3.cginc using Guid(613b4036a9f55c34fb054bde02455e46) Importer(815301076,1909f56bfc062723c751e8b465ee728b)  -> (artifact id: '1982b5b0e18937eeca34c77a18a0566d') in 0.002595 seconds
Number of updated asset objects reloaded before import = 0
Number of asset objects unloaded after import = 1
========================================================================
Received Import Request.
  Time since last request: 0.002196 seconds.
  path: Assets/Flooded_Grounds/PostProcessing/Resources/Shaders/ScreenSpaceRaytrace.cginc
  artifactKey: Guid(a92d6fdbe2c35f94190497c18b88f9af) Importer(815301076,1909f56bfc062723c751e8b465ee728b)
Start importing Assets/Flooded_Grounds/PostProcessing/Resources/Shaders/ScreenSpaceRaytrace.cginc using Guid(a92d6fdbe2c35f94190497c18b88f9af) Importer(815301076,1909f56bfc062723c751e8b465ee728b)  -> (artifact id: 'bb9b2df69ff6936d5265b2e2166f172a') in 0.002853 seconds
Number of updated asset objects reloaded before import = 0
Number of asset objects unloaded after import = 1
========================================================================
Received Import Request.
  Time since last request: 0.000241 seconds.
  path: Assets/Flooded_Grounds/PostProcessing/Resources/Shaders/Tonemapping.cginc
  artifactKey: Guid(0a999e641c982a14d9c68dfd53a98afc) Importer(815301076,1909f56bfc062723c751e8b465ee728b)
Start importing Assets/Flooded_Grounds/PostProcessing/Resources/Shaders/Tonemapping.cginc using Guid(0a999e641c982a14d9c68dfd53a98afc) Importer(815301076,1909f56bfc062723c751e8b465ee728b)  -> (artifact id: '1c60b9f7015f1415c3cd7cfbc583c8aa') in 0.002142 seconds
Number of updated asset objects reloaded before import = 0
Number of asset objects unloaded after import = 1
========================================================================
Received Import Request.
  Time since last request: 16.083515 seconds.
  path: Assets/Flooded_Grounds/Content/Materials/ATM_HaloRing.mat
  artifactKey: Guid(5d9f771ba477048468247073bc8ad533) Importer(815301076,1909f56bfc062723c751e8b465ee728b)
Start importing Assets/Flooded_Grounds/Content/Materials/ATM_HaloRing.mat using Guid(5d9f771ba477048468247073bc8ad533) Importer(815301076,1909f56bfc062723c751e8b465ee728b)  -> (artifact id: '57ce356e55b3989eedc047d3be594dcb') in 0.328563 seconds
Number of updated asset objects reloaded before import = 0
Number of asset objects unloaded after import = 1
========================================================================
Received Import Request.
  Time since last request: 0.000065 seconds.
  path: Assets/Flooded_Grounds/Content/Materials/MSC_HumanScale.mat
  artifactKey: Guid(d43da3634ccda7e4dbfd7e94e3071c6f) Importer(815301076,1909f56bfc062723c751e8b465ee728b)
Start importing Assets/Flooded_Grounds/Content/Materials/MSC_HumanScale.mat using Guid(d43da3634ccda7e4dbfd7e94e3071c6f) Importer(815301076,1909f56bfc062723c751e8b465ee728b)  -> (artifact id: 'c1441bc355534a6d47c1a46ab912f0c9') in 0.058896 seconds
Number of updated asset objects reloaded before import = 0
Number of asset objects unloaded after import = 1
========================================================================
Received Import Request.
  Time since last request: 0.000562 seconds.
  path: Assets/Flooded_Grounds/Content/Materials/BGR_Sky1.mat
  artifactKey: Guid(1612dc54605b67947bed7b6e6b4f48c4) Importer(815301076,1909f56bfc062723c751e8b465ee728b)
Start importing Assets/Flooded_Grounds/Content/Materials/BGR_Sky1.mat using Guid(1612dc54605b67947bed7b6e6b4f48c4) Importer(815301076,1909f56bfc062723c751e8b465ee728b)  -> (artifact id: 'a6e6e7687a1f28a8b1f6709fce0b8bb7') in 0.241810 seconds
Number of updated asset objects reloaded before import = 0
Number of asset objects unloaded after import = 4
========================================================================
Received Import Request.
  Time since last request: 0.002097 seconds.
  path: Assets/Flooded_Grounds/Content/Materials/BLD_Doors1.mat
  artifactKey: Guid(7a8d6bb394f243445b9377162ba792a8) Importer(815301076,1909f56bfc062723c751e8b465ee728b)
Start importing Assets/Flooded_Grounds/Content/Materials/BLD_Doors1.mat using Guid(7a8d6bb394f243445b9377162ba792a8) Importer(815301076,1909f56bfc062723c751e8b465ee728b)  -> (artifact id: '41f225c564e6370746171f6769920720') in 0.939600 seconds
Number of updated asset objects reloaded before import = 0
Number of asset objects unloaded after import = 6
========================================================================
Received Import Request.
  Time since last request: 0.000056 seconds.
  path: Assets/Flooded_Grounds/Content/Materials/BGR_Water.mat
  artifactKey: Guid(a56782aef2f1bd34285fe34f78a0b957) Importer(815301076,1909f56bfc062723c751e8b465ee728b)
Start importing Assets/Flooded_Grounds/Content/Materials/BGR_Water.mat using Guid(a56782aef2f1bd34285fe34f78a0b957) Importer(815301076,1909f56bfc062723c751e8b465ee728b)  -> (artifact id: '9fd2e3f05db2ee115540b7d174beddda') in 1.691500 seconds
Number of updated asset objects reloaded before import = 0
Number of asset objects unloaded after import = 8
========================================================================
Received Import Request.
  Time since last request: 0.000075 seconds.
  path: Assets/Flooded_Grounds/Content/Materials/BLD_Cabins.mat
  artifactKey: Guid(2d96e79d3d44b824381f64be7765f5c2) Importer(815301076,1909f56bfc062723c751e8b465ee728b)
Start importing Assets/Flooded_Grounds/Content/Materials/BLD_Cabins.mat using Guid(2d96e79d3d44b824381f64be7765f5c2) Importer(815301076,1909f56bfc062723c751e8b465ee728b)  -> (artifact id: 'ec04edee6f2f563f3c0ea98585a0de91') in 0.367468 seconds
Number of updated asset objects reloaded before import = 0
Number of asset objects unloaded after import = 9
========================================================================
Received Import Request.
  Time since last request: 0.000331 seconds.
  path: Assets/Flooded_Grounds/Content/Textures/BLD_Cabins1_MS.tif
  artifactKey: Guid(dfd14658241371f48956461682c52cca) Importer(815301076,1909f56bfc062723c751e8b465ee728b)
Start importing Assets/Flooded_Grounds/Content/Textures/BLD_Cabins1_MS.tif using Guid(dfd14658241371f48956461682c52cca) Importer(815301076,1909f56bfc062723c751e8b465ee728b)  -> (artifact id: 'aef00561b56e5b5927adaa34fd3f172d') in 0.267400 seconds
Number of updated asset objects reloaded before import = 0
Number of asset objects unloaded after import = 2
========================================================================
Received Import Request.
  Time since last request: 0.000811 seconds.
  path: Assets/Flooded_Grounds/Content/Textures/BLD_Villa2_MS.tif
  artifactKey: Guid(5673fd1bd7b7edc42b6d0ab328eb8d4e) Importer(815301076,1909f56bfc062723c751e8b465ee728b)
Start importing Assets/Flooded_Grounds/Content/Textures/BLD_Villa2_MS.tif using Guid(5673fd1bd7b7edc42b6d0ab328eb8d4e) Importer(815301076,1909f56bfc062723c751e8b465ee728b)  -> (artifact id: '2bf949c6076693dd7d4e0cd67186b45d') in 0.161424 seconds
Number of updated asset objects reloaded before import = 0
Number of asset objects unloaded after import = 2
========================================================================
Received Import Request.
  Time since last request: 0.000057 seconds.
  path: Assets/Flooded_Grounds/Content/Textures/BLD_Bridge1_N.tif
  artifactKey: Guid(0a56a508c36cb464ea77f74cf7219c56) Importer(815301076,1909f56bfc062723c751e8b465ee728b)
Start importing Assets/Flooded_Grounds/Content/Textures/BLD_Bridge1_N.tif using Guid(0a56a508c36cb464ea77f74cf7219c56) Importer(815301076,1909f56bfc062723c751e8b465ee728b)  -> (artifact id: '07e0f3b49a9feb0d684b4ca3a6d5a472') in 0.387046 seconds
Number of updated asset objects reloaded before import = 0
Number of asset objects unloaded after import = 2
========================================================================
Received Import Request.
  Time since last request: 0.000054 seconds.
  path: Assets/Flooded_Grounds/Content/Textures/BGR_Ocean_H.tif
  artifactKey: Guid(80dccd4a38b2fe2449a29dbfb3c058fb) Importer(815301076,1909f56bfc062723c751e8b465ee728b)
Start importing Assets/Flooded_Grounds/Content/Textures/BGR_Ocean_H.tif using Guid(80dccd4a38b2fe2449a29dbfb3c058fb) Importer(815301076,1909f56bfc062723c751e8b465ee728b)  -> (artifact id: '2cd6cd239766fffaee4a8fd8f6bba819') in 0.182480 seconds
Number of updated asset objects reloaded before import = 0
Number of asset objects unloaded after import = 2
========================================================================
Received Import Request.
  Time since last request: 0.000473 seconds.
  path: Assets/Flooded_Grounds/Content/Textures/BLD_WindowGlass1_A.tif
  artifactKey: Guid(ec04c678fb72c1b4fb5f0cc7ae4cc117) Importer(815301076,1909f56bfc062723c751e8b465ee728b)
Start importing Assets/Flooded_Grounds/Content/Textures/BLD_WindowGlass1_A.tif using Guid(ec04c678fb72c1b4fb5f0cc7ae4cc117) Importer(815301076,1909f56bfc062723c751e8b465ee728b)  -> (artifact id: '15d4c56b52988457ac339d62f92c1873') in 0.272539 seconds
Number of updated asset objects reloaded before import = 0
Number of asset objects unloaded after import = 2
========================================================================
Received Import Request.
  Time since last request: 0.003766 seconds.
  path: Assets/Flooded_Grounds/Content/Textures/BLD_Cabins1_N.tif
  artifactKey: Guid(6aca893bbdb380e40be322de5b27e134) Importer(815301076,1909f56bfc062723c751e8b465ee728b)
Start importing Assets/Flooded_Grounds/Content/Textures/BLD_Cabins1_N.tif using Guid(6aca893bbdb380e40be322de5b27e134) Importer(815301076,1909f56bfc062723c751e8b465ee728b)  -> (artifact id: '331524af7094c88095cd17e846824ec2') in 0.222845 seconds
Number of updated asset objects reloaded before import = 0
Number of asset objects unloaded after import = 2
========================================================================
Received Import Request.
  Time since last request: 0.000044 seconds.
  path: Assets/Flooded_Grounds/Content/Textures/BLD_Cabins1_AO.tif
  artifactKey: Guid(ca00df4281acdd843a50d3e3456368fa) Importer(815301076,1909f56bfc062723c751e8b465ee728b)
Start importing Assets/Flooded_Grounds/Content/Textures/BLD_Cabins1_AO.tif using Guid(ca00df4281acdd843a50d3e3456368fa) Importer(815301076,1909f56bfc062723c751e8b465ee728b)  -> (artifact id: '1a865a348f18c0cd49e6078c129476e1') in 0.111656 seconds
Number of updated asset objects reloaded before import = 0
Number of asset objects unloaded after import = 2
========================================================================
Received Import Request.
  Time since last request: 0.000091 seconds.
  path: Assets/Flooded_Grounds/Content/Textures/BLD_Structures2_N.tif
  artifactKey: Guid(d51e916c844b644469451ac4a8daf24e) Importer(815301076,1909f56bfc062723c751e8b465ee728b)
Start importing Assets/Flooded_Grounds/Content/Textures/BLD_Structures2_N.tif using Guid(d51e916c844b644469451ac4a8daf24e) Importer(815301076,1909f56bfc062723c751e8b465ee728b)  -> (artifact id: '463daadc05caed999f4b78859eacd7f8') in 0.281366 seconds
Number of updated asset objects reloaded before import = 0
Number of asset objects unloaded after import = 2
========================================================================
Received Import Request.
  Time since last request: 0.000061 seconds.
  path: Assets/Flooded_Grounds/Content/Textures/BLD_Structures2_A.tif
  artifactKey: Guid(8ce9e8e0e51197740b72b5431107c730) Importer(815301076,1909f56bfc062723c751e8b465ee728b)
Start importing Assets/Flooded_Grounds/Content/Textures/BLD_Structures2_A.tif using Guid(8ce9e8e0e51197740b72b5431107c730) Importer(815301076,1909f56bfc062723c751e8b465ee728b)  -> (artifact id: 'd8f3c0d6922c2302e37aac58bbdb49f3') in 0.237785 seconds
Number of updated asset objects reloaded before import = 0
Number of asset objects unloaded after import = 2
========================================================================
Received Import Request.
  Time since last request: 0.000076 seconds.
  path: Assets/Flooded_Grounds/Content/Materials/PROP_RugsPaintings.mat
  artifactKey: Guid(458f47f49073b3c4a9e939caa28cf48c) Importer(815301076,1909f56bfc062723c751e8b465ee728b)
Start importing Assets/Flooded_Grounds/Content/Materials/PROP_RugsPaintings.mat using Guid(458f47f49073b3c4a9e939caa28cf48c) Importer(815301076,1909f56bfc062723c751e8b465ee728b)  -> (artifact id: 'b6cb8422c4aabf92c6dbb472f9d49fbd') in 0.186183 seconds
Number of updated asset objects reloaded before import = 0
Number of asset objects unloaded after import = 9
========================================================================
Received Import Request.
  Time since last request: 0.000187 seconds.
  path: Assets/Flooded_Grounds/Content/Materials/BLD_IndBuilding1.mat
  artifactKey: Guid(94ec8f2f1cb846640aa49d49eba59de3) Importer(815301076,1909f56bfc062723c751e8b465ee728b)
Start importing Assets/Flooded_Grounds/Content/Materials/BLD_IndBuilding1.mat using Guid(94ec8f2f1cb846640aa49d49eba59de3) Importer(815301076,1909f56bfc062723c751e8b465ee728b)  -> (artifact id: 'd59f6f4dfae8256eb045f08583df2044') in 0.403893 seconds
Number of updated asset objects reloaded before import = 0
Number of asset objects unloaded after import = 7
========================================================================
Received Import Request.
  Time since last request: 0.000049 seconds.
  path: Assets/Flooded_Grounds/Content/Textures/ATM_Leaf1_AS.tif
  artifactKey: Guid(613c9ad9dfc6b484697801f5268522ff) Importer(815301076,1909f56bfc062723c751e8b465ee728b)
Start importing Assets/Flooded_Grounds/Content/Textures/ATM_Leaf1_AS.tif using Guid(613c9ad9dfc6b484697801f5268522ff) Importer(815301076,1909f56bfc062723c751e8b465ee728b)  -> (artifact id: '2443fd2d3196d37ca07337bc3f9c7735') in 0.133488 seconds
Number of updated asset objects reloaded before import = 0
Number of asset objects unloaded after import = 2
========================================================================
Received Import Request.
  Time since last request: 0.000173 seconds.
  path: Assets/Flooded_Grounds/Content/Materials/BLD_Church1.mat
  artifactKey: Guid(67839f18cb008324fad823e901f01b33) Importer(815301076,1909f56bfc062723c751e8b465ee728b)
Start importing Assets/Flooded_Grounds/Content/Materials/BLD_Church1.mat using Guid(67839f18cb008324fad823e901f01b33) Importer(815301076,1909f56bfc062723c751e8b465ee728b)  -> (artifact id: '540b3dce2e5b0ef4d5bc70f235516402') in 0.558388 seconds
Number of updated asset objects reloaded before import = 0
Number of asset objects unloaded after import = 7
========================================================================
Received Import Request.
  Time since last request: 0.000204 seconds.
  path: Assets/Flooded_Grounds/Content/Materials/NAT_GroundMoss.mat
  artifactKey: Guid(07fadee667c4d2b4d95d85c8eddf79a9) Importer(815301076,1909f56bfc062723c751e8b465ee728b)
Start importing Assets/Flooded_Grounds/Content/Materials/NAT_GroundMoss.mat using Guid(07fadee667c4d2b4d95d85c8eddf79a9) Importer(815301076,1909f56bfc062723c751e8b465ee728b)  -> (artifact id: '9a6b45c4eda49cb73737df75818aa8a1') in 1.456042 seconds
Number of updated asset objects reloaded before import = 0
Number of asset objects unloaded after import = 3
========================================================================
Received Import Request.
  Time since last request: 0.000058 seconds.
  path: Assets/Flooded_Grounds/Content/Textures/BLD_IndBuilding1_AO.tif
  artifactKey: Guid(f40d96e16f517974382853481556fd83) Importer(815301076,1909f56bfc062723c751e8b465ee728b)
Start importing Assets/Flooded_Grounds/Content/Textures/BLD_IndBuilding1_AO.tif using Guid(f40d96e16f517974382853481556fd83) Importer(815301076,1909f56bfc062723c751e8b465ee728b)  -> (artifact id: 'b36fb86073a909439d998ebde050e059') in 0.130636 seconds
Number of updated asset objects reloaded before import = 0
Number of asset objects unloaded after import = 2
========================================================================
Received Import Request.
  Time since last request: 0.000051 seconds.
  path: Assets/Flooded_Grounds/Content/Textures/BLD_Villa1_N.tif
  artifactKey: Guid(4a2dca3a6b2272349b0c4239f2a4060a) Importer(815301076,1909f56bfc062723c751e8b465ee728b)
Start importing Assets/Flooded_Grounds/Content/Textures/BLD_Villa1_N.tif using Guid(4a2dca3a6b2272349b0c4239f2a4060a) Importer(815301076,1909f56bfc062723c751e8b465ee728b)  -> (artifact id: 'e13769d74833f33399c91459ce3c89cb') in 0.207705 seconds
Number of updated asset objects reloaded before import = 0
Number of asset objects unloaded after import = 2
========================================================================
Received Import Request.
  Time since last request: 0.000068 seconds.
  path: Assets/Flooded_Grounds/Content/Materials/PROP_SmallProps1.mat
  artifactKey: Guid(fa3b418599852594c8d15fb4d9ce097e) Importer(815301076,1909f56bfc062723c751e8b465ee728b)
Start importing Assets/Flooded_Grounds/Content/Materials/PROP_SmallProps1.mat using Guid(fa3b418599852594c8d15fb4d9ce097e) Importer(815301076,1909f56bfc062723c751e8b465ee728b)  -> (artifact id: '01a6f1878ed41a36e751b544d80c6c11') in 0.120884 seconds
Number of updated asset objects reloaded before import = 0
Number of asset objects unloaded after import = 10
========================================================================
Received Import Request.
  Time since last request: 0.000422 seconds.
  path: Assets/Flooded_Grounds/Content/Textures/BLD_Rubble1_A.tif
  artifactKey: Guid(6626f7396393484488cdc76763fb7382) Importer(815301076,1909f56bfc062723c751e8b465ee728b)
Start importing Assets/Flooded_Grounds/Content/Textures/BLD_Rubble1_A.tif using Guid(6626f7396393484488cdc76763fb7382) Importer(815301076,1909f56bfc062723c751e8b465ee728b)  -> (artifact id: '643ca5b4343b99a6cf949a5141c34c0d') in 0.120732 seconds
Number of updated asset objects reloaded before import = 0
Number of asset objects unloaded after import = 2
========================================================================
Received Import Request.
  Time since last request: 0.000082 seconds.
  path: Assets/Flooded_Grounds/Content/Textures/BLD_Bridge1_MS.tif
  artifactKey: Guid(936f4cd27ea43ec44b6539ca8a1dadad) Importer(815301076,1909f56bfc062723c751e8b465ee728b)
Start importing Assets/Flooded_Grounds/Content/Textures/BLD_Bridge1_MS.tif using Guid(936f4cd27ea43ec44b6539ca8a1dadad) Importer(815301076,1909f56bfc062723c751e8b465ee728b)  -> (artifact id: '6cff255aac7a812871bd88258e2665b7') in 0.123780 seconds
Number of updated asset objects reloaded before import = 0
Number of asset objects unloaded after import = 2
========================================================================
Received Import Request.
  Time since last request: 0.000109 seconds.
  path: Assets/Flooded_Grounds/Content/Materials/BLD_Rubble1.mat
  artifactKey: Guid(aa892dd8e16aef04697a0b7649944fd2) Importer(815301076,1909f56bfc062723c751e8b465ee728b)
Start importing Assets/Flooded_Grounds/Content/Materials/BLD_Rubble1.mat using Guid(aa892dd8e16aef04697a0b7649944fd2) Importer(815301076,1909f56bfc062723c751e8b465ee728b)  -> (artifact id: '6e7967e8bcde453f14188036536108fd') in 0.932181 seconds
Number of updated asset objects reloaded before import = 0
Number of asset objects unloaded after import = 5
========================================================================
Received Import Request.
  Time since last request: 0.000056 seconds.
  path: Assets/Flooded_Grounds/Content/Materials/BLD_IndBuilding1_LOD.mat
  artifactKey: Guid(eb205ee712ebdad44846425da33e862d) Importer(815301076,1909f56bfc062723c751e8b465ee728b)
Start importing Assets/Flooded_Grounds/Content/Materials/BLD_IndBuilding1_LOD.mat using Guid(eb205ee712ebdad44846425da33e862d) Importer(815301076,1909f56bfc062723c751e8b465ee728b)  -> (artifact id: '3e52176e23c42e6c900961ac4d4f41c0') in 1.235823 seconds
Number of updated asset objects reloaded before import = 0
Number of asset objects unloaded after import = 3
Editor requested this worker to shutdown with reason: Scaling down because of idle timeout
TcpMessagingSession - receive error: operation aborted. errorcode: 995, details: The I/O operation has been aborted because of either a thread exit or an application request.
AssetImportWorker is now disconnected from the server
Process exiting
Exiting without the bug reporter. Application will terminate with return code 0